# JRE version: OpenJDK Runtime Environment Temurin-21.0.8+9 (21.0.8+9) (build 21.0.8+9-LTS)
# Java VM: OpenJDK 64-Bit Server VM Temurin-21.0.8+9 (21.0.8+9-LTS, mixed mode, sharing, tiered, compressed oops, compressed class ptrs, parallel gc, windows-amd64)
GC Precious Log:
 CardTable entry size: 512
 CPUs: 4 total, 4 available
 Memory: 3980M
 Large Page Support: Disabled
 NUMA Support: Disabled
 Compressed Oops: Enabled (32-bit)
 Alignments: Space 512K, Generation 512K, Heap 2M
 Heap Min Capacity: 100M
 Heap Initial Capacity: 100M
 Heap Max Capacity: 2G
 Pre-touch: Disabled
 Parallel Workers: 4
Heap:
 PSYoungGen      total 23552K, used 8663K [0x00000000d5580000, 0x00000000d7080000, 0x0000000100000000)
  eden space 19968K, 27% used [0x00000000d5580000,0x00000000d5acbb68,0x00000000d6900000)
  from space 3584K, 90% used [0x00000000d6d00000,0x00000000d702a318,0x00000000d7080000)
  to   space 3584K, 0% used [0x00000000d6900000,0x00000000d6900000,0x00000000d6c80000)
 ParOldGen       total 78848K, used 78542K [0x0000000080000000, 0x0000000084d00000, 0x00000000d5580000)
  object space 78848K, 99% used [0x0000000080000000,0x0000000084cb3a28,0x0000000084d00000)
 Metaspace       used 73870K, committed 75456K, reserved 1179648K
  class space    used 9163K, committed 9856K, reserved 1048576K
GC Heap History (20 events):
Event: 587.543 GC heap before
{Heap before GC invocations=61 (full 3):
 PSYoungGen      total 23552K, used 22144K [0x00000000d5580000, 0x00000000d7080000, 0x0000000100000000)
  eden space 22016K, 100% used [0x00000000d5580000,0x00000000d6b00000,0x00000000d6b00000)
  from space 1536K, 8% used [0x00000000d6e00000,0x00000000d6e20000,0x00000000d6f80000)
  to   space 512K, 0% used [0x00000000d7000000,0x00000000d7000000,0x00000000d7080000)
 ParOldGen       total 68608K, used 54094K [0x0000000080000000, 0x0000000084300000, 0x00000000d5580000)
  object space 68608K, 78% used [0x0000000080000000,0x00000000834d3828,0x0000000084300000)
 Metaspace       used 72353K, committed 73856K, reserved 1114112K
  class space    used 8988K, committed 9664K, reserved 1048576K
}
Event: 587.689 GC heap after
{Heap after GC invocations=61 (full 3):
 PSYoungGen      total 22528K, used 128K [0x00000000d5580000, 0x00000000d7080000, 0x0000000100000000)
  eden space 22016K, 0% used [0x00000000d5580000,0x00000000d5580000,0x00000000d6b00000)
  from space 512K, 25% used [0x00000000d7000000,0x00000000d7020000,0x00000000d7080000)
  to   space 512K, 0% used [0x00000000d6f80000,0x00000000d6f80000,0x00000000d7000000)
 ParOldGen       total 68608K, used 54110K [0x0000000080000000, 0x0000000084300000, 0x00000000d5580000)
  object space 68608K, 78% used [0x0000000080000000,0x00000000834d7828,0x0000000084300000)
 Metaspace       used 72353K, committed 73856K, reserved 1114112K
  class space    used 8988K, committed 9664K, reserved 1048576K
}
Event: 589.934 GC heap before
{Heap before GC invocations=62 (full 3):
 PSYoungGen      total 22528K, used 22144K [0x00000000d5580000, 0x00000000d7080000, 0x0000000100000000)
  eden space 22016K, 100% used [0x00000000d5580000,0x00000000d6b00000,0x00000000d6b00000)
  from space 512K, 25% used [0x00000000d7000000,0x00000000d7020000,0x00000000d7080000)
  to   space 512K, 0% used [0x00000000d6f80000,0x00000000d6f80000,0x00000000d7000000)
 ParOldGen       total 68608K, used 54110K [0x0000000080000000, 0x0000000084300000, 0x00000000d5580000)
  object space 68608K, 78% used [0x0000000080000000,0x00000000834d7828,0x0000000084300000)
 Metaspace       used 72375K, committed 73856K, reserved 1114112K
  class space    used 8992K, committed 9664K, reserved 1048576K
}
Event: 589.938 GC heap after
{Heap after GC invocations=62 (full 3):
 PSYoungGen      total 22528K, used 493K [0x00000000d5580000, 0x00000000d7080000, 0x0000000100000000)
  eden space 22016K, 0% used [0x00000000d5580000,0x00000000d5580000,0x00000000d6b00000)
  from space 512K, 96% used [0x00000000d6f80000,0x00000000d6ffb558,0x00000000d7000000)
  to   space 512K, 0% used [0x00000000d7000000,0x00000000d7000000,0x00000000d7080000)
 ParOldGen       total 68608K, used 54904K [0x0000000080000000, 0x0000000084300000, 0x00000000d5580000)
  object space 68608K, 80% used [0x0000000080000000,0x000000008359e378,0x0000000084300000)
 Metaspace       used 72375K, committed 73856K, reserved 1114112K
  class space    used 8992K, committed 9664K, reserved 1048576K
}
Event: 595.514 GC heap before
{Heap before GC invocations=63 (full 3):
 PSYoungGen      total 22528K, used 22509K [0x00000000d5580000, 0x00000000d7080000, 0x0000000100000000)
  eden space 22016K, 100% used [0x00000000d5580000,0x00000000d6b00000,0x00000000d6b00000)
  from space 512K, 96% used [0x00000000d6f80000,0x00000000d6ffb558,0x00000000d7000000)
  to   space 512K, 0% used [0x00000000d7000000,0x00000000d7000000,0x00000000d7080000)
 ParOldGen       total 68608K, used 54904K [0x0000000080000000, 0x0000000084300000, 0x00000000d5580000)
  object space 68608K, 80% used [0x0000000080000000,0x000000008359e378,0x0000000084300000)
 Metaspace       used 72442K, committed 73920K, reserved 1114112K
  class space    used 8992K, committed 9664K, reserved 1048576K
}
Event: 595.522 GC heap after
{Heap after GC invocations=63 (full 3):
 PSYoungGen      total 22528K, used 512K [0x00000000d5580000, 0x00000000d7500000, 0x0000000100000000)
  eden space 22016K, 0% used [0x00000000d5580000,0x00000000d5580000,0x00000000d6b00000)
  from space 512K, 100% used [0x00000000d7000000,0x00000000d7080000,0x00000000d7080000)
  to   space 5120K, 0% used [0x00000000d6b00000,0x00000000d6b00000,0x00000000d7000000)
 ParOldGen       total 68608K, used 58589K [0x0000000080000000, 0x0000000084300000, 0x00000000d5580000)
  object space 68608K, 85% used [0x0000000080000000,0x0000000083937658,0x0000000084300000)
 Metaspace       used 72442K, committed 73920K, reserved 1114112K
  class space    used 8992K, committed 9664K, reserved 1048576K
}
Event: 596.978 GC heap before
{Heap before GC invocations=64 (full 3):
 PSYoungGen      total 22528K, used 22528K [0x00000000d5580000, 0x00000000d7500000, 0x0000000100000000)
  eden space 22016K, 100% used [0x00000000d5580000,0x00000000d6b00000,0x00000000d6b00000)
  from space 512K, 100% used [0x00000000d7000000,0x00000000d7080000,0x00000000d7080000)
  to   space 5120K, 0% used [0x00000000d6b00000,0x00000000d6b00000,0x00000000d7000000)
 ParOldGen       total 68608K, used 58589K [0x0000000080000000, 0x0000000084300000, 0x00000000d5580000)
  object space 68608K, 85% used [0x0000000080000000,0x0000000083937658,0x0000000084300000)
 Metaspace       used 72483K, committed 73984K, reserved 1114112K
  class space    used 8998K, committed 9664K, reserved 1048576K
}
Event: 597.048 GC heap after
{Heap after GC invocations=64 (full 3):
 PSYoungGen      total 26624K, used 4132K [0x00000000d5580000, 0x00000000d7400000, 0x0000000100000000)
  eden space 22016K, 0% used [0x00000000d5580000,0x00000000d5580000,0x00000000d6b00000)
  from space 4608K, 89% used [0x00000000d6b00000,0x00000000d6f092c0,0x00000000d6f80000)
  to   space 4608K, 0% used [0x00000000d6f80000,0x00000000d6f80000,0x00000000d7400000)
 ParOldGen       total 68608K, used 59072K [0x0000000080000000, 0x0000000084300000, 0x00000000d5580000)
  object space 68608K, 86% used [0x0000000080000000,0x00000000839b0130,0x0000000084300000)
 Metaspace       used 72483K, committed 73984K, reserved 1114112K
  class space    used 8998K, committed 9664K, reserved 1048576K
}
Event: 599.968 GC heap before
{Heap before GC invocations=65 (full 3):
 PSYoungGen      total 26624K, used 26148K [0x00000000d5580000, 0x00000000d7400000, 0x0000000100000000)
  eden space 22016K, 100% used [0x00000000d5580000,0x00000000d6b00000,0x00000000d6b00000)
  from space 4608K, 89% used [0x00000000d6b00000,0x00000000d6f092c0,0x00000000d6f80000)
  to   space 4608K, 0% used [0x00000000d6f80000,0x00000000d6f80000,0x00000000d7400000)
 ParOldGen       total 68608K, used 59072K [0x0000000080000000, 0x0000000084300000, 0x00000000d5580000)
  object space 68608K, 86% used [0x0000000080000000,0x00000000839b0130,0x0000000084300000)
 Metaspace       used 73148K, committed 74752K, reserved 1114112K
  class space    used 9077K, committed 9792K, reserved 1048576K
}
Event: 599.982 GC heap after
{Heap after GC invocations=65 (full 3):
 PSYoungGen      total 25088K, used 2825K [0x00000000d5580000, 0x00000000d7280000, 0x0000000100000000)
  eden space 22016K, 0% used [0x00000000d5580000,0x00000000d5580000,0x00000000d6b00000)
  from space 3072K, 91% used [0x00000000d6f80000,0x00000000d7242760,0x00000000d7280000)
  to   space 3584K, 0% used [0x00000000d6b80000,0x00000000d6b80000,0x00000000d6f00000)
 ParOldGen       total 68608K, used 62967K [0x0000000080000000, 0x0000000084300000, 0x00000000d5580000)
  object space 68608K, 91% used [0x0000000080000000,0x0000000083d7dec8,0x0000000084300000)
 Metaspace       used 73148K, committed 74752K, reserved 1114112K
  class space    used 9077K, committed 9792K, reserved 1048576K
}
Event: 603.147 GC heap before
{Heap before GC invocations=66 (full 3):
 PSYoungGen      total 25088K, used 24841K [0x00000000d5580000, 0x00000000d7280000, 0x0000000100000000)
  eden space 22016K, 100% used [0x00000000d5580000,0x00000000d6b00000,0x00000000d6b00000)
  from space 3072K, 91% used [0x00000000d6f80000,0x00000000d7242760,0x00000000d7280000)
  to   space 3584K, 0% used [0x00000000d6b80000,0x00000000d6b80000,0x00000000d6f00000)
 ParOldGen       total 68608K, used 62967K [0x0000000080000000, 0x0000000084300000, 0x00000000d5580000)
  object space 68608K, 91% used [0x0000000080000000,0x0000000083d7dec8,0x0000000084300000)
 Metaspace       used 73223K, committed 74752K, reserved 1114112K
  class space    used 9081K, committed 9792K, reserved 1048576K
}
Event: 603.157 GC heap after
{Heap after GC invocations=66 (full 3):
 PSYoungGen      total 25600K, used 3452K [0x00000000d5580000, 0x00000000d7200000, 0x0000000100000000)
  eden space 22016K, 0% used [0x00000000d5580000,0x00000000d5580000,0x00000000d6b00000)
  from space 3584K, 96% used [0x00000000d6b80000,0x00000000d6edf3f8,0x00000000d6f00000)
  to   space 3072K, 0% used [0x00000000d6f00000,0x00000000d6f00000,0x00000000d7200000)
 ParOldGen       total 68608K, used 65661K [0x0000000080000000, 0x0000000084300000, 0x00000000d5580000)
  object space 68608K, 95% used [0x0000000080000000,0x000000008401f460,0x0000000084300000)
 Metaspace       used 73223K, committed 74752K, reserved 1114112K
  class space    used 9081K, committed 9792K, reserved 1048576K
}
Event: 605.204 GC heap before
{Heap before GC invocations=67 (full 3):
 PSYoungGen      total 25600K, used 25468K [0x00000000d5580000, 0x00000000d7200000, 0x0000000100000000)
  eden space 22016K, 100% used [0x00000000d5580000,0x00000000d6b00000,0x00000000d6b00000)
  from space 3584K, 96% used [0x00000000d6b80000,0x00000000d6edf3f8,0x00000000d6f00000)
  to   space 3072K, 0% used [0x00000000d6f00000,0x00000000d6f00000,0x00000000d7200000)
 ParOldGen       total 68608K, used 65661K [0x0000000080000000, 0x0000000084300000, 0x00000000d5580000)
  object space 68608K, 95% used [0x0000000080000000,0x000000008401f460,0x0000000084300000)
 Metaspace       used 73536K, committed 75072K, reserved 1114112K
  class space    used 9118K, committed 9792K, reserved 1048576K
}
Event: 605.215 GC heap after
{Heap after GC invocations=67 (full 3):
 PSYoungGen      total 24064K, used 1826K [0x00000000d5580000, 0x00000000d7100000, 0x0000000100000000)
  eden space 22016K, 0% used [0x00000000d5580000,0x00000000d5580000,0x00000000d6b00000)
  from space 2048K, 89% used [0x00000000d6f00000,0x00000000d70c8800,0x00000000d7100000)
  to   space 2560K, 0% used [0x00000000d6c00000,0x00000000d6c00000,0x00000000d6e80000)
 ParOldGen       total 69120K, used 69057K [0x0000000080000000, 0x0000000084380000, 0x00000000d5580000)
  object space 69120K, 99% used [0x0000000080000000,0x0000000084370768,0x0000000084380000)
 Metaspace       used 73536K, committed 75072K, reserved 1114112K
  class space    used 9118K, committed 9792K, reserved 1048576K
}
Event: 606.008 GC heap before
{Heap before GC invocations=68 (full 3):
 PSYoungGen      total 24064K, used 23842K [0x00000000d5580000, 0x00000000d7100000, 0x0000000100000000)
  eden space 22016K, 100% used [0x00000000d5580000,0x00000000d6b00000,0x00000000d6b00000)
  from space 2048K, 89% used [0x00000000d6f00000,0x00000000d70c8800,0x00000000d7100000)
  to   space 2560K, 0% used [0x00000000d6c00000,0x00000000d6c00000,0x00000000d6e80000)
 ParOldGen       total 69120K, used 69057K [0x0000000080000000, 0x0000000084380000, 0x00000000d5580000)
  object space 69120K, 99% used [0x0000000080000000,0x0000000084370768,0x0000000084380000)
 Metaspace       used 73845K, committed 75456K, reserved 1179648K
  class space    used 9163K, committed 9856K, reserved 1048576K
}
Event: 606.022 GC heap after
{Heap after GC invocations=68 (full 3):
 PSYoungGen      total 24576K, used 2275K [0x00000000d5580000, 0x00000000d7000000, 0x0000000100000000)
  eden space 22016K, 0% used [0x00000000d5580000,0x00000000d5580000,0x00000000d6b00000)
  from space 2560K, 88% used [0x00000000d6c00000,0x00000000d6e38d70,0x00000000d6e80000)
  to   space 1536K, 0% used [0x00000000d6e80000,0x00000000d6e80000,0x00000000d7000000)
 ParOldGen       total 71168K, used 70772K [0x0000000080000000, 0x0000000084580000, 0x00000000d5580000)
  object space 71168K, 99% used [0x0000000080000000,0x000000008451d2f0,0x0000000084580000)
 Metaspace       used 73845K, committed 75456K, reserved 1179648K
  class space    used 9163K, committed 9856K, reserved 1048576K
}
Event: 606.272 GC heap before
{Heap before GC invocations=69 (full 3):
 PSYoungGen      total 24576K, used 24291K [0x00000000d5580000, 0x00000000d7000000, 0x0000000100000000)
  eden space 22016K, 100% used [0x00000000d5580000,0x00000000d6b00000,0x00000000d6b00000)
  from space 2560K, 88% used [0x00000000d6c00000,0x00000000d6e38d70,0x00000000d6e80000)
  to   space 1536K, 0% used [0x00000000d6e80000,0x00000000d6e80000,0x00000000d7000000)
 ParOldGen       total 71168K, used 70772K [0x0000000080000000, 0x0000000084580000, 0x00000000d5580000)
  object space 71168K, 99% used [0x0000000080000000,0x000000008451d2f0,0x0000000084580000)
 Metaspace       used 73854K, committed 75456K, reserved 1179648K
  class space    used 9163K, committed 9856K, reserved 1048576K
}
Event: 606.282 GC heap after
{Heap after GC invocations=69 (full 3):
 PSYoungGen      total 21504K, used 1509K [0x00000000d5580000, 0x00000000d7600000, 0x0000000100000000)
  eden space 19968K, 0% used [0x00000000d5580000,0x00000000d5580000,0x00000000d6900000)
  from space 1536K, 98% used [0x00000000d6e80000,0x00000000d6ff97c0,0x00000000d7000000)
  to   space 5632K, 0% used [0x00000000d6900000,0x00000000d6900000,0x00000000d6e80000)
 ParOldGen       total 74240K, used 73984K [0x0000000080000000, 0x0000000084880000, 0x00000000d5580000)
  object space 74240K, 99% used [0x0000000080000000,0x00000000848403f0,0x0000000084880000)
 Metaspace       used 73854K, committed 75456K, reserved 1179648K
  class space    used 9163K, committed 9856K, reserved 1048576K
}
Event: 606.486 GC heap before
{Heap before GC invocations=70 (full 3):
 PSYoungGen      total 21504K, used 21477K [0x00000000d5580000, 0x00000000d7600000, 0x0000000100000000)
  eden space 19968K, 100% used [0x00000000d5580000,0x00000000d6900000,0x00000000d6900000)
  from space 1536K, 98% used [0x00000000d6e80000,0x00000000d6ff97c0,0x00000000d7000000)
  to   space 5632K, 0% used [0x00000000d6900000,0x00000000d6900000,0x00000000d6e80000)
 ParOldGen       total 74240K, used 73984K [0x0000000080000000, 0x0000000084880000, 0x00000000d5580000)
  object space 74240K, 99% used [0x0000000080000000,0x00000000848403f0,0x0000000084880000)
 Metaspace       used 73862K, committed 75456K, reserved 1179648K
  class space    used 9163K, committed 9856K, reserved 1048576K
}
Event: 606.493 GC heap after
{Heap after GC invocations=70 (full 3):
 PSYoungGen      total 23552K, used 3213K [0x00000000d5580000, 0x00000000d7100000, 0x0000000100000000)
  eden space 19968K, 0% used [0x00000000d5580000,0x00000000d5580000,0x00000000d6900000)
  from space 3584K, 89% used [0x00000000d6900000,0x00000000d6c235b8,0x00000000d6c80000)
  to   space 4096K, 0% used [0x00000000d6d00000,0x00000000d6d00000,0x00000000d7100000)
 ParOldGen       total 75776K, used 75468K [0x0000000080000000, 0x0000000084a00000, 0x00000000d5580000)
  object space 75776K, 99% used [0x0000000080000000,0x00000000849b32b8,0x0000000084a00000)
 Metaspace       used 73862K, committed 75456K, reserved 1179648K
  class space    used 9163K, committed 9856K, reserved 1048576K
}

